# JRE version: Java(TM) SE Runtime Environment (8.0_20-b26) (build 1.8.0_20-b26)
# Java VM: Java HotSpot(TM) 64-Bit Server VM (25.20-b23 mixed mode windows-amd64 compressed oops)
Heap:
 PSYoungGen      total 71680K, used 65221K [0x00000000d5b00000, 0x00000000df300000, 0x0000000100000000)
  eden space 66560K, 97% used [0x00000000d5b00000,0x00000000d9ab1788,0x00000000d9c00000)
  from space 5120K, 0% used [0x00000000d9c00000,0x00000000d9c00000,0x00000000da100000)
  to   space 11264K, 0% used [0x00000000de800000,0x00000000de800000,0x00000000df300000)
 ParOldGen       total 63488K, used 10182K [0x0000000081000000, 0x0000000084e00000, 0x00000000d5b00000)
  object space 63488K, 16% used [0x0000000081000000,0x00000000819f1840,0x0000000084e00000)
 Metaspace       used 24528K, capacity 24800K, committed 24960K, reserved 1073152K
  class space    used 3091K, capacity 3157K, committed 3200K, reserved 1048576K
GC Heap History (10 events):
Event: 0.884 GC heap before
{Heap before GC invocations=2 (full 0):
 PSYoungGen      total 38400K, used 37984K [0x00000000d5b00000, 0x00000000d8580000, 0x0000000100000000)
  eden space 33280K, 100% used [0x00000000d5b00000,0x00000000d7b80000,0x00000000d7b80000)
  from space 5120K, 91% used [0x00000000d7b80000,0x00000000d8018328,0x00000000d8080000)
  to   space 5120K, 0% used [0x00000000d8080000,0x00000000d8080000,0x00000000d8580000)
 ParOldGen       total 87552K, used 16K [0x0000000081000000, 0x0000000086580000, 0x00000000d5b00000)
  object space 87552K, 0% used [0x0000000081000000,0x0000000081004000,0x0000000086580000)
 Metaspace       used 12190K, capacity 12326K, committed 12416K, reserved 1060864K
  class space    used 1588K, capacity 1627K, committed 1664K, reserved 1048576K
Event: 0.892 GC heap after
Heap after GC invocations=2 (full 0):
 PSYoungGen      total 38400K, used 5113K [0x00000000d5b00000, 0x00000000da600000, 0x0000000100000000)
  eden space 33280K, 0% used [0x00000000d5b00000,0x00000000d5b00000,0x00000000d7b80000)
  from space 5120K, 99% used [0x00000000d8080000,0x00000000d857e7c0,0x00000000d8580000)
  to   space 5120K, 0% used [0x00000000d7b80000,0x00000000d7b80000,0x00000000d8080000)
 ParOldGen       total 87552K, used 3669K [0x0000000081000000, 0x0000000086580000, 0x00000000d5b00000)
  object space 87552K, 4% used [0x0000000081000000,0x0000000081395690,0x0000000086580000)
 Metaspace       used 12190K, capacity 12326K, committed 12416K, reserved 1060864K
  class space    used 1588K, capacity 1627K, committed 1664K, reserved 1048576K
}
Event: 1.073 GC heap before
{Heap before GC invocations=3 (full 0):
 PSYoungGen      total 38400K, used 38393K [0x00000000d5b00000, 0x00000000da600000, 0x0000000100000000)
  eden space 33280K, 100% used [0x00000000d5b00000,0x00000000d7b80000,0x00000000d7b80000)
  from space 5120K, 99% used [0x00000000d8080000,0x00000000d857e7c0,0x00000000d8580000)
  to   space 5120K, 0% used [0x00000000d7b80000,0x00000000d7b80000,0x00000000d8080000)
 ParOldGen       total 87552K, used 3669K [0x0000000081000000, 0x0000000086580000, 0x00000000d5b00000)
  object space 87552K, 4% used [0x0000000081000000,0x0000000081395690,0x0000000086580000)
 Metaspace       used 15865K, capacity 16018K, committed 16128K, reserved 1062912K
  class space    used 1991K, capacity 2045K, committed 2048K, reserved 1048576K
Event: 1.082 GC heap after
Heap after GC invocations=3 (full 0):
 PSYoungGen      total 38400K, used 5109K [0x00000000d5b00000, 0x00000000da600000, 0x0000000100000000)
  eden space 33280K, 0% used [0x00000000d5b00000,0x00000000d5b00000,0x00000000d7b80000)
  from space 5120K, 99% used [0x00000000d7b80000,0x00000000d807d490,0x00000000d8080000)
  to   space 5120K, 0% used [0x00000000da100000,0x00000000da100000,0x00000000da600000)
 ParOldGen       total 87552K, used 7982K [0x0000000081000000, 0x0000000086580000, 0x00000000d5b00000)
  object space 87552K, 9% used [0x0000000081000000,0x00000000817cb828,0x0000000086580000)
 Metaspace       used 15865K, capacity 16018K, committed 16128K, reserved 1062912K
  class space    used 1991K, capacity 2045K, committed 2048K, reserved 1048576K
}
Event: 1.298 GC heap before
{Heap before GC invocations=4 (full 0):
 PSYoungGen      total 38400K, used 38389K [0x00000000d5b00000, 0x00000000da600000, 0x0000000100000000)
  eden space 33280K, 100% used [0x00000000d5b00000,0x00000000d7b80000,0x00000000d7b80000)
  from space 5120K, 99% used [0x00000000d7b80000,0x00000000d807d490,0x00000000d8080000)
  to   space 5120K, 0% used [0x00000000da100000,0x00000000da100000,0x00000000da600000)
 ParOldGen       total 87552K, used 7982K [0x0000000081000000, 0x0000000086580000, 0x00000000d5b00000)
  object space 87552K, 9% used [0x0000000081000000,0x00000000817cb828,0x0000000086580000)
 Metaspace       used 19137K, capacity 19342K, committed 19584K, reserved 1067008K
  class space    used 2368K, capacity 2423K, committed 2432K, reserved 1048576K
Event: 1.306 GC heap after
Heap after GC invocations=4 (full 0):
 PSYoungGen      total 71680K, used 5104K [0x00000000d5b00000, 0x00000000da600000, 0x0000000100000000)
  eden space 66560K, 0% used [0x00000000d5b00000,0x00000000d5b00000,0x00000000d9c00000)
  from space 5120K, 99% used [0x00000000da100000,0x00000000da5fc040,0x00000000da600000)
  to   space 5120K, 0% used [0x00000000d9c00000,0x00000000d9c00000,0x00000000da100000)
 ParOldGen       total 87552K, used 11476K [0x0000000081000000, 0x0000000086580000, 0x00000000d5b00000)
  object space 87552K, 13% used [0x0000000081000000,0x0000000081b351a8,0x0000000086580000)
 Metaspace       used 19137K, capacity 19342K, committed 19584K, reserved 1067008K
  class space    used 2368K, capacity 2423K, committed 2432K, reserved 1048576K
}
Event: 1.401 GC heap before
{Heap before GC invocations=5 (full 0):
 PSYoungGen      total 71680K, used 21032K [0x00000000d5b00000, 0x00000000da600000, 0x0000000100000000)
  eden space 66560K, 23% used [0x00000000d5b00000,0x00000000d6a8e028,0x00000000d9c00000)
  from space 5120K, 99% used [0x00000000da100000,0x00000000da5fc040,0x00000000da600000)
  to   space 5120K, 0% used [0x00000000d9c00000,0x00000000d9c00000,0x00000000da100000)
 ParOldGen       total 87552K, used 11476K [0x0000000081000000, 0x0000000086580000, 0x00000000d5b00000)
  object space 87552K, 13% used [0x0000000081000000,0x0000000081b351a8,0x0000000086580000)
 Metaspace       used 20950K, capacity 21156K, committed 21296K, reserved 1069056K
  class space    used 2606K, capacity 2655K, committed 2688K, reserved 1048576K
Event: 1.407 GC heap after
Heap after GC invocations=5 (full 0):
 PSYoungGen      total 71680K, used 5088K [0x00000000d5b00000, 0x00000000df300000, 0x0000000100000000)
  eden space 66560K, 0% used [0x00000000d5b00000,0x00000000d5b00000,0x00000000d9c00000)
  from space 5120K, 99% used [0x00000000d9c00000,0x00000000da0f8040,0x00000000da100000)
  to   space 11264K, 0% used [0x00000000de800000,0x00000000de800000,0x00000000df300000)
 ParOldGen       total 87552K, used 12961K [0x0000000081000000, 0x0000000086580000, 0x00000000d5b00000)
  object space 87552K, 14% used [0x0000000081000000,0x0000000081ca8410,0x0000000086580000)
 Metaspace       used 20950K, capacity 21156K, committed 21296K, reserved 1069056K
  class space    used 2606K, capacity 2655K, committed 2688K, reserved 1048576K
}
Event: 1.407 GC heap before
{Heap before GC invocations=6 (full 1):
 PSYoungGen      total 71680K, used 5088K [0x00000000d5b00000, 0x00000000df300000, 0x0000000100000000)
  eden space 66560K, 0% used [0x00000000d5b00000,0x00000000d5b00000,0x00000000d9c00000)
  from space 5120K, 99% used [0x00000000d9c00000,0x00000000da0f8040,0x00000000da100000)
  to   space 11264K, 0% used [0x00000000de800000,0x00000000de800000,0x00000000df300000)
 ParOldGen       total 87552K, used 12961K [0x0000000081000000, 0x0000000086580000, 0x00000000d5b00000)
  object space 87552K, 14% used [0x0000000081000000,0x0000000081ca8410,0x0000000086580000)
 Metaspace       used 20950K, capacity 21156K, committed 21296K, reserved 1069056K
  class space    used 2606K, capacity 2655K, committed 2688K, reserved 1048576K
Event: 1.439 GC heap after
Heap after GC invocations=6 (full 1):
 PSYoungGen      total 71680K, used 0K [0x00000000d5b00000, 0x00000000df300000, 0x0000000100000000)
  eden space 66560K, 0% used [0x00000000d5b00000,0x00000000d5b00000,0x00000000d9c00000)
  from space 5120K, 0% used [0x00000000d9c00000,0x00000000d9c00000,0x00000000da100000)
  to   space 11264K, 0% used [0x00000000de800000,0x00000000de800000,0x00000000df300000)
 ParOldGen       total 63488K, used 10182K [0x0000000081000000, 0x0000000084e00000, 0x00000000d5b00000)
  object space 63488K, 16% used [0x0000000081000000,0x00000000819f1840,0x0000000084e00000)
 Metaspace       used 20949K, capacity 21154K, committed 21296K, reserved 1069056K
  class space    used 2606K, capacity 2654K, committed 2688K, reserved 1048576K
}

